[2025-09-13 05:43:53] Nova missão adicionada: '🚨🚨🚨** Ameaça LIMINAR ** 🚨🚨🚨Base: NDICarteirinha: 0YXY2034110003Protocolo do Pedido Digital: 35901720250819368634 // 35901720250819364895 //Descrição do caso: Beneficiária solicitou autorização de correção de 3 partes do corpo pós bariátrica no dia 19/08, só foi lançada 1. Beneficiária em contato com o SAC ameaçando abertura de liminar.'
[2025-09-13 06:24:51] Nova missão adicionada: 'NOME: Keila Carvalho FernandesCPF: 383.075.818-93REDE: Samart 200PROTOCOLO: 35901720250904635178MOTIVO: Exames autorizados, porém, como serão realizados em ambiente hospitalar, é necessária a autorização da internação.'
[2025-09-13 06:25:26] Nova missão adicionada: 'Filial: SÃO PAULO - NDI SPCódigo: 0U11B000001007Cliente: GABRIELA BARBOSA DE OLIVEIRAProtocolo: 35901720250910957002Caso: Entra em contato solicitando anteciapação da liberação das sua fisioterapias, a mesma em linha muito alterada pelo prazo de 10 úteis, passado todo o posicionamento porem insiste em retorno o mais breve.'
[2025-09-13 06:25:38] Nova missão adicionada: 'Filial: SAO B. DO CAMPO - NDI SPBom dia!Nome: CARLOS FERNANDESCarteirinha: 3010T170317001Protocolo:35901720250910123899Senha da autorização: W51805725Procedimento: MONITORIZACAO AMBULATORIAL DA PRESSAO ARTERIAL - MAPA (24 HORAS)Caso: Foi autorizado um mapa de 24 horas porém no pedido médico solicita que seja um mapa de 48hrs. No pedido médico não consta código de procedimento mas foi autorizado no código que informa ser de 24h.Por gentileza, verificar liberação de 48h e prestador que realiza nesse período.'
[2025-09-13 06:25:49] Nova missão adicionada: 'NDI SP/RJCVS20030WRZX052949010PROC: 30101522demanda: 17309683TROCAR PARA INTERNAÇÃO CONFORME GUIA. A DEMANDA ESTÁ CONCLUIDO EM ANALISE, VERIFICAR'
[2025-09-13 06:26:23] Missão concluída: 'NDI SP/RJCVS20030WRZX052949010PROC: 30101522demanda: 17309683TROCAR PARA INTERNAÇÃO CONFORME GUIA. A DEMANDA ESTÁ CONCLUIDO EM ANALISE, VERIFICAR'. Anotação: 'Feito, relançado conforme guia - tela de internação.'
[2025-09-13 06:27:42] Nova missão adicionada: 'NDI SP/RJCódigo: 1RWUU000005002Login:  RB17459Procedimento: 25110012NÃO FOI IDENTIFICADO SOLICITAÇÃO DESSE PROCEDIMENTO EM GUIA, FAVOR VERIFICAR.'
[2025-09-13 06:28:09] Missão concluída: 'NDI SP/RJCódigo: 1RWUU000005002Login:  RB17459Procedimento: 25110012NÃO FOI IDENTIFICADO SOLICITAÇÃO DESSE PROCEDIMENTO EM GUIA, FAVOR VERIFICAR.'. Anotação: 'Feito, solicitação de cancelamento na obs e feito o lançamento a definir para a codificação.'
[2025-09-13 06:54:41] Missão concluída: '🚨🚨🚨** Ameaça LIMINAR ** 🚨🚨🚨Base: NDICarteirinha: 0YXY2034110003Protocolo do Pedido Digital: 35901720250819368634 // 35901720250819364895 //Descrição do caso: Beneficiária solicitou autorização de correção de 3 partes do corpo pós bariátrica no dia 19/08, só foi lançada 1. Beneficiária em contato com o SAC ameaçando abertura de liminar.'. Anotação: 'Demanda> 16758134 ||| Protocolo> 35901720250819368634 ||| Codificações> 30602351, 30602262 - (Procedimento estão lançado em sistema conforme guia. ||| Demanda> 16757748 ||| Protocolo> 35901720250819364895 ||| Codificação> 30101190 - (Procedimento se encontra lançado em sistema, conforme guia.)'
[2025-09-13 07:23:41] Missão concluída: 'NOME: Keila Carvalho FernandesCPF: 383.075.818-93REDE: Samart 200PROTOCOLO: 35901720250904635178MOTIVO: Exames autorizados, porém, como serão realizados em ambiente hospitalar, é necessária a autorização da internação.'. Anotação: 'Demanda> 17240749 ||| Protocolo> 35901720250904635178 - (Procedimento 0199004 - internação clinica ||| se encontra lançado em sistema no ---> protocolo> 35901720250910941395 - Demanda> 17405475'
[2025-09-13 07:31:24] Missão concluída: 'Filial: SÃO PAULO - NDI SPCódigo: 0U11B000001007Cliente: GABRIELA BARBOSA DE OLIVEIRAProtocolo: 35901720250910957002Caso: Entra em contato solicitando anteciapação da liberação das sua fisioterapias, a mesma em linha muito alterada pelo prazo de 10 úteis, passado todo o posicionamento porem insiste em retorno o mais breve.'. Anotação: 'Demanda> 17406979 ||| Protocolo> 35901720250910957002 ||| Procedimento já se encontra lançado em sistema e com a senha informa. (Procedimento> TRATAMENTO FISIATRICO DE PATOLOGIAS DIVERSAS EM DIFERENTES SEGMENTOS | Senha> W52199010 | Prestador> TSB REAB FISIOT E ACUPUNTURA - R. LUIS PICOLO, 8, CIDADE NITRO OPERARIA - SAO PAULO ||| (sem restrição).'
[2025-09-13 08:28:01] Missão concluída: 'Filial: SAO B. DO CAMPO - NDI SPBom dia!Nome: CARLOS FERNANDESCarteirinha: 3010T170317001Protocolo:35901720250910123899Senha da autorização: W51805725Procedimento: MONITORIZACAO AMBULATORIAL DA PRESSAO ARTERIAL - MAPA (24 HORAS)Caso: Foi autorizado um mapa de 24 horas porém no pedido médico solicita que seja um mapa de 48hrs. No pedido médico não consta código de procedimento mas foi autorizado no código que informa ser de 24h.Por gentileza, verificar liberação de 48h e prestador que realiza nesse período.'. Anotação: 'Demanda> 17427980 ||| Protocolo> 35901720250910123899 ||| Procedimento já se encontra lançado em sistema com a senha liberada. ||| Procedimento> MONITORIZACAO AMBULATORIAL DA PRESSAO ARTERIAL - MAPA (24 HORAS) ||| Senha> W51805725 ||| Prestador> CLIN CARD DR JULIO A CALIL SC - R. MANOEL COELHO, 500, CENTRO - SAO CAETANO DO SUL ||| (sem restrição).'
[2025-09-15 09:01:19] Nova missão adicionada: 'NDI SP/RJLogin: AM618649Demanda: 17370687LANÇAR 41001095 ' com indicador 'OUTROS'
[2025-09-15 09:02:38] Missão concluída: 'NDI SP/RJLogin: AM618649Demanda: 17370687LANÇAR 41001095 '. Anotação: 'LANÇADO CODIFICAÇÃO> TC ABDOME TOTAL> 41001095 | CONFORME ORIENTAÇÃO DO SETOR.'
[2025-09-15 09:20:25] Nova missão adicionada: 'NDI SP/RJLogin: AM618649 Demanda: 17370687 LANÇAR 41001095 ' com indicador 'Lançamento'
[2025-09-15 09:21:32] Missão concluída: 'NDI SP/RJLogin: AM618649 Demanda: 17370687 LANÇAR 41001095 '. Anotação: 'LANÇADO CONFORME ORIENTAÇÃO DO SETOR.'
[2025-09-15 09:24:24] Nova missão adicionada: 'TESTE TEST TESTE TEST' com indicador 'REVISÃO'
[2025-09-15 09:25:16] Anotação adicionada à missão 'TESTE TEST TESTE TEST'
[2025-09-15 09:26:00] Missão concluída: 'TESTE TEST TESTE TEST'. Anotação: 'CONFORME VERIFICAÇÃO, CODIFICAÇÃO NAO FOI SOLICITADO EM GUIA. SOLICITAÇÃO DE CANCELAMENTO> LANÇAMENTO INDEVIDO.'
[2025-09-15 09:31:01] Nova missão adicionada: 'TESTE 02' com indicador 'DUPLICIDADE'
[2025-09-15 09:31:58] Anotação adicionada à missão 'TESTE 02'
[2025-09-15 09:32:59] Missão concluída: 'TESTE 02'. Anotação: 'CONFORME VERIFICAÇÃO, PROCEDIMENTO CONSTA LIBERADO PELA SENHA> W123456. (SENHA INFORMADA).'
[2025-09-15 09:37:57] Nova missão adicionada: 'TESTE 03' com indicador 'REVISÃO'
[2025-09-15 09:38:50] Missão concluída: 'TESTE 03'. Anotação: 'CONFORME VERIFICADO, GUIAS ESTÃO COM INFORMAÇÃO DIFERENTE E MEDICO SOLICITANTES DIFERENTES. SEGUIR COM AUDITORIA PARA VERIFICAR A LIBERAÇÃO DA SENHA.'
[2025-09-15 10:16:27] Nova missão adicionada: '' com indicador 'CCG'
[2025-09-15 10:16:42] Missão concluída: ''. Anotação: 'ERROR'
[2025-09-15 10:38:28] Nova missão adicionada: '35901720250814877523' com indicador 'REVISÃO'
[2025-09-15 10:39:04] Missão concluída: '35901720250814877523'. Anotação: 'FALTA DE DOCUMENTAÇÃO'
[2025-09-15 10:41:50] Nova missão adicionada: 'Protocolo> 35901720250814877523 | Carteirinha> 0M065000551007 | Telefone> 12988179922 | UF-CITY> Sao Jose Dos Campos | Procedimentos> 25060139-Lib. | 30713145-Can. | 80071104-Can. | 31403026-Can.' com indicador 'NDI SP-RJ'
[2025-09-15 10:43:01] Nova missão adicionada: 'Protocolo> 35901720250814877523 | Carteirinha> 0M065000551007 | Telefone> 12988179922 | UF-CITY> Sao Jose Dos Campos | Procedimentos> 25060139-Lib. | 30713145-Can. | 80071104-Can. | 31403026-Can.' com indicador 'REVISÃO'
[2025-09-15 11:20:08] Nova missão adicionada: 'teste' com indicador 'NDI SP-RJ'
[2025-09-15 11:20:18] Missão concluída: 'teste'. Anotação: 'teste'
[2025-09-15 11:26:18] Nova missão adicionada: 'Demanda> 17224642' com indicador 'RELANÇADO'
[2025-09-15 11:26:27] Missão concluída: 'Demanda> 17224642'. Anotação: 'teste'
[2025-09-15 11:26:49] Nova missão adicionada: 'Demanda> 17224642 | Protocolo> 35901720250903413326 | Carteirinha> 0M06Q020717024 | Beneficiario> LUIS FELIPE LEONARDO SANTOS |Região solicitada> Sao Bernardo Do Campo' com indicador 'HAPVIDA'
[2025-09-15 11:27:11] Nova missão adicionada: 'Demanda> 17224642 | Protocolo> 35901720250903413326 | Carteirinha> 0M06Q020717024 | Beneficiario> LUIS FELIPE LEONARDO SANTOS |Região solicitada> Sao Bernardo Do Campo' com indicador 'NDI SP-RJ'
[2025-09-15 11:35:14] Nova missão adicionada: 'Demanda> 17224642 | Protocolo> 35901720250903413326 | Carteirinha> 0M06Q020717024 | Beneficiario> LUIS FELIPE LEONARDO SANTOS |Região solicitada> Sao Bernardo Do Campo'
[2025-09-15 11:35:35] Nova missão adicionada: 'Demanda> 17224642 | Protocolo> 35901720250903413326 | Carteirinha> 0M06Q020717024 | Beneficiario> LUIS FELIPE LEONARDO SANTOS |Região solicitada> Sao Bernardo Do Campo'
[2025-09-15 11:55:07] Nova missão adicionada: 'TETETETET'
[2025-09-15 11:55:19] Anotação adicionada à missão 'TETETETET'
[2025-09-15 11:55:34] Missão concluída: 'TETETETET'. Anotação: 'TESTE DSHKDJFASFSF'
[2025-09-15 12:01:13] Personagem criado: BATMAN da classe Vigilante Noturno
[2025-09-15 12:03:54] Nova missão adicionada: 'TESTE SOMBRIO ' (facil)
[2025-09-15 12:05:25] Missão concluída: 'TESTE SOMBRIO '. XP ganho: 20. Anotação: 'SENHA LIBERADA E INFORMADA PARA O BENEFICIARIO.'
[2025-09-15 12:07:00] Nova missão adicionada: 'Demanda> 17224642 | Protocolo> 35901720250903413326 | Carteirinha> 0M06Q020717024 | Beneficiario> LUIS FELIPE LEONARDO SANTOS |Região solicitada> Sao Bernardo Do Campo' (dificil)
[2025-09-15 12:08:00] Nova missão adicionada: 'Demanda> 17224642 - Protocolo> 35901720250903413326 - Carteirinha> 0M06Q020717024 - Beneficiario> LUIS FELIPE LEONARDO SANTOS - Região solicitada> Sao Bernardo Do Campo' (dificil)
[2025-09-15 12:10:00] BATMAN subiu para o Nível 1 como Vigilante das Ruas
[2025-09-15 12:10:00] Missão concluída: 'Demanda> 17224642 - Protocolo> 35901720250903413326 - Carteirinha> 0M06Q020717024 - Beneficiario> LUIS FELIPE LEONARDO SANTOS - Região solicitada> Sao Bernardo Do Campo'. XP ganho: 100. Anotação: 'Procedimento lançado a definir para a codificação correta do exame solicitado - Prestador conforme região de solicitação - guia anexada - aguardando resposta da auditoria.'
